2026-03-29 20:53:12,537 - INFO - [config] DB=stock_data.db  parquet=parquet_exports  max_tickers=500
2026-03-29 20:53:13,177 - INFO - [tickers] Loaded 503 S&P 500 constituents from Wikipedia
2026-03-29 20:53:13,540 - INFO - [schema] All tables created / verified.
2026-03-29 20:53:13,540 - INFO - [   1/500] A
2026-03-29 20:53:16,489 - INFO - ✓
2026-03-29 20:53:16,915 - INFO - [   2/500] AAPL
2026-03-29 20:53:19,104 - INFO - ✓
2026-03-29 20:53:19,534 - INFO - [   3/500] ABBV
2026-03-29 20:53:21,576 - INFO - ✓
2026-03-29 20:53:22,000 - INFO - [   4/500] ABNB
2026-03-29 20:53:23,326 - INFO - ✓
2026-03-29 20:53:23,753 - INFO - [   5/500] ABT
2026-03-29 20:53:25,930 - INFO - ✓
2026-03-29 20:53:26,356 - INFO - [   6/500] ACGL
2026-03-29 20:53:28,339 - INFO - ✓
2026-03-29 20:53:28,767 - INFO - [   7/500] ACN
2026-03-29 20:53:30,846 - INFO - ✓
2026-03-29 20:53:31,272 - INFO - [   8/500] ADBE
2026-03-29 20:53:33,235 - INFO - ✓
2026-03-29 20:53:33,661 - INFO - [   9/500] ADI
2026-03-29 20:53:35,810 - INFO - ✓
2026-03-29 20:53:36,237 - INFO - [  10/500] ADM
2026-03-29 20:53:38,329 - INFO - ✓
2026-03-29 20:53:38,758 - INFO - [  11/500] ADP
2026-03-29 20:53:40,891 - INFO - ✓
2026-03-29 20:53:41,318 - INFO - [  12/500] ADSK
2026-03-29 20:53:43,394 - INFO - ✓
2026-03-29 20:53:43,825 - INFO - [  13/500] AEE
2026-03-29 20:54:14,436 - INFO - [config] DB=stock_data.db  parquet=parquet_exports  max_tickers=500
2026-03-29 20:54:14,639 - INFO - [tickers] Loaded 503 S&P 500 constituents from Wikipedia
2026-03-29 20:54:41,298 - INFO - [config] DB=stock_data.db  parquet=parquet_exports  max_tickers=500
2026-03-29 20:54:41,453 - INFO - [tickers] Loaded 503 S&P 500 constituents from Wikipedia
2026-03-29 20:54:41,499 - INFO - [schema] All tables created / verified.
2026-03-29 20:54:41,499 - INFO - [   1/500] A
2026-03-29 20:54:43,903 - INFO - Success
2026-03-29 20:54:44,329 - INFO - [   2/500] AAPL
2026-03-29 20:54:46,711 - INFO - Success
2026-03-29 20:54:47,140 - INFO - [   3/500] ABBV
2026-03-29 20:54:49,009 - INFO - Success
2026-03-29 20:54:49,432 - INFO - [   4/500] ABNB
2026-03-29 20:54:51,470 - INFO - Success
2026-03-29 20:54:51,904 - INFO - [   5/500] ABT
2026-03-29 20:54:53,933 - INFO - Success
2026-03-29 20:54:54,359 - INFO - [   6/500] ACGL
2026-03-29 20:54:56,521 - INFO - Success
2026-03-29 20:54:56,952 - INFO - [   7/500] ACN
2026-03-29 20:54:58,199 - INFO - Success
2026-03-29 20:54:58,626 - INFO - [   8/500] ADBE
2026-03-29 20:55:00,611 - INFO - Success
2026-03-29 20:55:01,039 - INFO - [   9/500] ADI
2026-03-29 20:55:03,071 - INFO - Success
2026-03-29 20:55:03,501 - INFO - [  10/500] ADM
2026-03-29 20:55:05,557 - INFO - Success
2026-03-29 20:55:05,983 - INFO - [  11/500] ADP
2026-03-29 20:55:07,965 - INFO - Success
2026-03-29 20:55:08,390 - INFO - [  12/500] ADSK
2026-03-29 20:55:10,364 - INFO - Success
2026-03-29 20:55:10,792 - INFO - [  13/500] AEE
2026-03-29 20:55:12,941 - INFO - Success
2026-03-29 20:55:13,379 - INFO - [  14/500] AEP
2026-03-29 20:55:15,511 - INFO - Success
2026-03-29 20:55:15,942 - INFO - [  15/500] AES
2026-03-29 20:55:18,026 - INFO - Success
2026-03-29 20:55:18,455 - INFO - [  16/500] AFL
2026-03-29 20:55:20,577 - INFO - Success
2026-03-29 20:55:21,009 - INFO - [  17/500] AIG
2026-03-29 20:55:23,191 - INFO - Success
2026-03-29 20:55:23,618 - INFO - [  18/500] AIZ
2026-03-29 20:55:25,500 - INFO - Success
2026-03-29 20:55:25,927 - INFO - [  19/500] AJG
2026-03-29 20:55:28,153 - INFO - Success
2026-03-29 20:55:28,584 - INFO - [  20/500] AKAM
2026-03-29 20:55:29,908 - INFO - Success
2026-03-29 20:55:30,342 - INFO - [  21/500] ALB
2026-03-29 20:55:32,550 - INFO - Success
2026-03-29 20:55:32,984 - INFO - [  22/500] ALGN
2026-03-29 20:55:34,918 - INFO - Success
2026-03-29 20:55:35,343 - INFO - [  23/500] ALL
2026-03-29 20:55:37,290 - INFO - Success
2026-03-29 20:55:37,722 - INFO - [  24/500] ALLE
2026-03-29 20:55:39,656 - INFO - Success
2026-03-29 20:55:40,084 - INFO - [  25/500] AMAT
2026-03-29 20:55:42,347 - INFO - Success
2026-03-29 20:55:42,782 - INFO - [  26/500] AMCR
2026-03-29 20:55:45,279 - INFO - Success
2026-03-29 20:55:45,709 - INFO - [  27/500] AMD
2026-03-29 20:55:47,790 - INFO - Success
2026-03-29 20:55:48,223 - INFO - [  28/500] AME
2026-03-29 20:55:50,360 - INFO - Success
2026-03-29 20:55:50,796 - INFO - [  29/500] AMGN
2026-03-29 20:55:53,011 - INFO - Success
2026-03-29 20:55:53,446 - INFO - [  30/500] AMP
2026-03-29 20:55:55,265 - INFO - Success
2026-03-29 20:55:55,694 - INFO - [  31/500] AMT
2026-03-29 20:55:57,577 - INFO - Success
2026-03-29 20:55:58,005 - INFO - [  32/500] AMZN
2026-03-29 20:55:59,887 - INFO - Success
2026-03-29 20:56:00,318 - INFO - [  33/500] ANET
2026-03-29 20:56:01,583 - INFO - Success
2026-03-29 20:56:02,013 - INFO - [  34/500] AON
2026-03-29 20:56:04,567 - INFO - Success
2026-03-29 20:56:04,995 - INFO - [  35/500] AOS
2026-03-29 20:56:06,998 - INFO - Success
2026-03-29 20:56:07,426 - INFO - [  36/500] APA
2026-03-29 20:56:09,485 - INFO - Success
2026-03-29 20:56:09,918 - INFO - [  37/500] APD
2026-03-29 20:56:12,491 - INFO - Success
2026-03-29 20:56:12,923 - INFO - [  38/500] APH
2026-03-29 20:56:14,817 - INFO - Success
2026-03-29 20:56:15,254 - INFO - [  39/500] APO
2026-03-29 20:56:17,217 - INFO - Success
2026-03-29 20:56:17,647 - INFO - [  40/500] APP
2026-03-29 20:56:19,337 - INFO - Success
2026-03-29 20:56:19,771 - INFO - [  41/500] APTV
2026-03-29 20:56:21,661 - INFO - Success
2026-03-29 20:56:22,102 - INFO - [  42/500] ARE
2026-03-29 20:56:23,973 - INFO - Success
2026-03-29 20:56:24,407 - INFO - [  43/500] ARES
2026-03-29 20:56:26,273 - INFO - Success
2026-03-29 20:56:26,702 - INFO - [  44/500] ATO
2026-03-29 20:56:28,626 - INFO - Success
2026-03-29 20:56:29,062 - INFO - [  45/500] AVB
2026-03-29 20:56:30,938 - INFO - Success
2026-03-29 20:56:31,367 - INFO - [  46/500] AVGO
2026-03-29 20:56:32,560 - INFO - Success
2026-03-29 20:56:32,994 - INFO - [  47/500] AVY
2026-03-29 20:56:35,149 - INFO - Success
2026-03-29 20:56:35,580 - INFO - [  48/500] AWK
2026-03-29 20:56:37,681 - INFO - Success
2026-03-29 20:56:38,109 - INFO - [  49/500] AXON
2026-03-29 20:56:40,091 - INFO - Success
2026-03-29 20:56:40,522 - INFO - [  50/500] AXP
2026-03-29 20:56:42,685 - INFO - Success
2026-03-29 20:56:43,116 - INFO - 
─── Flushing batch 1 ───
2026-03-29 20:56:44,695 - INFO -     [flush] Storage size (DB + WAL): 98.6 MB
2026-03-29 21:02:18,719 - INFO - [config] DB=stock_data.db  parquet=parquet_exports  max_tickers=500
2026-03-29 21:02:19,049 - INFO - [tickers] Loaded 503 S&P 500 constituents from Wikipedia
2026-03-29 21:02:19,510 - INFO - [schema] All tables created / verified.
2026-03-29 21:02:19,510 - INFO - [   1/500] A
2026-03-29 21:02:21,227 - INFO - Success
2026-03-29 21:02:21,673 - INFO - [   2/500] AAPL
2026-03-29 21:02:23,961 - INFO - Success
2026-03-29 21:02:24,408 - INFO - [   3/500] ABBV
2026-03-29 21:02:26,405 - INFO - Success
2026-03-29 21:02:26,849 - INFO - [   4/500] ABNB
2026-03-29 21:02:28,676 - INFO - Success
2026-03-29 21:02:29,119 - INFO - [   5/500] ABT
2026-03-29 21:02:31,263 - INFO - Success
2026-03-29 21:02:31,713 - INFO - [   6/500] ACGL
2026-03-29 21:02:33,797 - INFO - Success
2026-03-29 21:02:34,245 - INFO - [   7/500] ACN
2026-03-29 21:02:36,246 - INFO - Success
2026-03-29 21:02:36,698 - INFO - [   8/500] ADBE
2026-03-29 21:02:38,859 - INFO - Success
2026-03-29 21:02:39,305 - INFO - [   9/500] ADI
2026-03-29 21:02:41,517 - INFO - Success
2026-03-29 21:02:41,969 - INFO - [  10/500] ADM
2026-03-29 21:02:44,153 - INFO - Success
2026-03-29 21:02:44,677 - INFO -     [checkpoint 10/500] DB=108.5 MB  WAL=0.0 MB
2026-03-29 21:02:44,677 - INFO - [  11/500] ADP
2026-03-29 21:02:46,791 - INFO - Success
2026-03-29 21:02:47,240 - INFO - [  12/500] ADSK
2026-03-29 21:02:49,464 - INFO - Success
2026-03-29 21:02:49,918 - INFO - [  13/500] AEE
2026-03-29 21:02:51,281 - INFO - Success
2026-03-29 21:02:51,733 - INFO - [  14/500] AEP
2026-03-29 21:02:54,035 - INFO - Success
2026-03-29 21:02:54,480 - INFO - [  15/500] AES
2026-03-29 21:02:56,617 - INFO - Success
2026-03-29 21:02:57,068 - INFO - [  16/500] AFL
2026-03-29 21:02:59,312 - INFO - Success
2026-03-29 21:02:59,763 - INFO - [  17/500] AIG
2026-03-29 21:03:02,261 - INFO - Success
2026-03-29 21:03:02,705 - INFO - [  18/500] AIZ
2026-03-29 21:03:04,748 - INFO - Success
2026-03-29 21:03:05,193 - INFO - [  19/500] AJG
2026-03-29 21:03:07,358 - INFO - Success
2026-03-29 21:03:07,811 - INFO - [  20/500] AKAM
2026-03-29 21:03:09,886 - INFO - Success
2026-03-29 21:03:10,416 - INFO -     [checkpoint 20/500] DB=108.5 MB  WAL=0.0 MB
2026-03-29 21:03:10,417 - INFO - [  21/500] ALB
2026-03-29 21:03:13,336 - INFO - Success
2026-03-29 21:03:13,793 - INFO - [  22/500] ALGN
2026-03-29 21:03:15,794 - INFO - Success
2026-03-29 21:03:16,246 - INFO - [  23/500] ALL
2026-03-29 21:03:18,244 - INFO - Success
2026-03-29 21:03:18,697 - INFO - [  24/500] ALLE
2026-03-29 21:03:20,605 - INFO - Success
2026-03-29 21:03:21,053 - INFO - [  25/500] AMAT
2026-03-29 21:03:22,476 - INFO - Success
2026-03-29 21:03:22,931 - INFO - [  26/500] AMCR
2026-03-29 21:03:25,058 - INFO - Success
2026-03-29 21:03:25,505 - INFO - [  27/500] AMD
2026-03-29 21:03:27,792 - INFO - Success
2026-03-29 21:03:28,236 - INFO - [  28/500] AME
2026-03-29 21:03:31,313 - INFO - Success
2026-03-29 21:03:31,762 - INFO - [  29/500] AMGN
2026-03-29 21:03:34,467 - INFO - Success
2026-03-29 21:03:34,917 - INFO - [  30/500] AMP
2026-03-29 21:03:37,398 - INFO - Success
2026-03-29 21:03:38,153 - INFO -     [checkpoint 30/500] DB=122.4 MB  WAL=0.0 MB
2026-03-29 21:03:38,153 - INFO - [  31/500] AMT
2026-03-29 21:03:40,389 - INFO - Success
2026-03-29 21:03:40,833 - INFO - [  32/500] AMZN
2026-03-29 21:03:42,833 - INFO - Success
2026-03-29 21:03:43,276 - INFO - [  33/500] ANET
2026-03-29 21:03:45,081 - INFO - Success
2026-03-29 21:03:45,530 - INFO - [  34/500] AON
2026-03-29 21:03:47,720 - INFO - Success
2026-03-29 21:03:48,165 - INFO - [  35/500] AOS
2026-03-29 21:03:50,233 - INFO - Success
2026-03-29 21:03:50,682 - INFO - [  36/500] APA
2026-03-29 21:03:52,929 - INFO - Success
2026-03-29 21:03:53,380 - INFO - [  37/500] APD
2026-03-29 21:03:55,062 - INFO - Success
2026-03-29 21:03:55,511 - INFO - [  38/500] APH
2026-03-29 21:03:57,492 - INFO - Success
2026-03-29 21:03:57,940 - INFO - [  39/500] APO
2026-03-29 21:03:59,857 - INFO - Success
2026-03-29 21:04:00,300 - INFO - [  40/500] APP
2026-03-29 21:04:01,963 - INFO - Success
2026-03-29 21:04:02,474 - INFO -     [checkpoint 40/500] DB=122.4 MB  WAL=0.0 MB
2026-03-29 21:04:02,474 - INFO - [  41/500] APTV
2026-03-29 21:04:04,430 - INFO - Success
2026-03-29 21:04:04,879 - INFO - [  42/500] ARE
2026-03-29 21:04:07,100 - INFO - Success
2026-03-29 21:04:07,548 - INFO - [  43/500] ARES
2026-03-29 21:04:09,520 - INFO - Success
2026-03-29 21:04:09,962 - INFO - [  44/500] ATO
2026-03-29 21:04:12,093 - INFO - Success
2026-03-29 21:04:12,535 - INFO - [  45/500] AVB
2026-03-29 21:04:14,526 - INFO - Success
2026-03-29 21:04:14,977 - INFO - [  46/500] AVGO
2026-03-29 21:04:16,911 - INFO - Success
2026-03-29 21:04:17,360 - INFO - [  47/500] AVY
2026-03-29 21:04:19,862 - INFO - Success
2026-03-29 21:04:20,306 - INFO - [  48/500] AWK
2026-03-29 21:04:23,191 - INFO - Success
2026-03-29 21:04:23,642 - INFO - [  49/500] AXON
2026-03-29 21:04:25,769 - INFO - Success
2026-03-29 21:04:25,483 - INFO - [  50/500] AXP
2026-03-29 21:04:27,661 - INFO - Success
2026-03-29 21:04:28,170 - INFO -     [checkpoint 50/500] DB=196.6 MB  WAL=0.0 MB
2026-03-29 21:04:28,171 - INFO - [  51/500] AZO
2026-03-29 21:04:30,124 - INFO - Success
2026-03-29 21:04:30,570 - INFO - [  52/500] BA
2026-03-29 21:04:32,964 - INFO - Success
2026-03-29 21:04:33,413 - INFO - [  53/500] BAC
2026-03-29 21:04:35,537 - INFO - Success
2026-03-29 21:04:35,986 - INFO - [  54/500] BALL
2026-03-29 21:04:38,619 - INFO - Success
2026-03-29 21:04:39,065 - INFO - [  55/500] BAX
2026-03-29 21:04:41,315 - INFO - Success
2026-03-29 21:04:41,760 - INFO - [  56/500] BBY
2026-03-29 21:04:43,748 - INFO - Success
2026-03-29 21:04:44,188 - INFO - [  57/500] BDX
2026-03-29 21:04:46,516 - INFO - Success
2026-03-29 21:04:46,964 - INFO - [  58/500] BEN
2026-03-29 21:04:49,191 - INFO - Success
2026-03-29 21:04:49,637 - INFO - [  59/500] BF-B
2026-03-29 21:04:51,870 - INFO - Success
2026-03-29 21:04:52,316 - INFO - [  60/500] BG
2026-03-29 21:04:54,339 - INFO - Success
2026-03-29 21:04:55,446 - INFO -     [checkpoint 60/500] DB=233.1 MB  WAL=0.0 MB
2026-03-29 21:04:55,446 - INFO - [  61/500] BIIB
2026-03-29 21:04:56,890 - INFO - Success
2026-03-29 21:04:57,336 - INFO - [  62/500] BK
2026-03-29 21:04:59,770 - INFO - Success
2026-03-29 21:05:00,218 - INFO - [  63/500] BKNG
2026-03-29 21:05:02,291 - INFO - Success
2026-03-29 21:05:02,742 - INFO - [  64/500] BKR
2026-03-29 21:05:05,093 - INFO - Success
2026-03-29 21:05:05,545 - INFO - [  65/500] BLDR
2026-03-29 21:05:07,427 - INFO - Success
2026-03-29 21:05:07,877 - INFO - [  66/500] BLK
2026-03-29 21:05:09,891 - INFO - Success
2026-03-29 21:05:10,342 - INFO - [  67/500] BMY
2026-03-29 21:05:12,695 - INFO - Success
2026-03-29 21:05:13,137 - INFO - [  68/500] BR
2026-03-29 21:05:15,144 - INFO - Success
2026-03-29 21:05:15,601 - INFO - [  69/500] BRK-B
2026-03-29 21:05:17,571 - INFO - Success
2026-03-29 21:05:18,022 - INFO - [  70/500] BRO
2026-03-29 21:05:20,158 - INFO - Success
2026-03-29 21:05:20,671 - INFO -     [checkpoint 70/500] DB=232.8 MB  WAL=0.0 MB
2026-03-29 21:05:20,671 - INFO - [  71/500] BSX
2026-03-29 21:05:22,828 - INFO - Success
2026-03-29 21:05:23,286 - INFO - [  72/500] BX
2026-03-29 21:05:25,172 - INFO - Success
2026-03-29 21:05:25,622 - INFO - [  73/500] BXP
2026-03-29 21:05:27,643 - INFO - Success
2026-03-29 21:05:28,091 - INFO - [  74/500] C
2026-03-29 21:05:29,409 - INFO - Success
2026-03-29 21:05:29,851 - INFO - [  75/500] CAG
2026-03-29 21:05:32,014 - INFO - Success
2026-03-29 21:05:32,460 - INFO - [  76/500] CAH
2026-03-29 21:05:34,816 - INFO - Success
2026-03-29 21:05:35,270 - INFO - [  77/500] CARR
2026-03-29 21:05:37,080 - INFO - Success
2026-03-29 21:05:37,533 - INFO - [  78/500] CAT
2026-03-29 21:05:40,045 - INFO - Success
2026-03-29 21:05:40,492 - INFO - [  79/500] CB
2026-03-29 21:05:42,609 - INFO - Success
2026-03-29 21:05:43,061 - INFO - [  80/500] CBOE
2026-03-29 21:05:45,386 - INFO - Success
2026-03-29 21:05:45,909 - INFO -     [checkpoint 80/500] DB=232.8 MB  WAL=0.0 MB
2026-03-29 21:05:45,909 - INFO - [  81/500] CBRE
2026-03-29 21:05:47,806 - INFO - Success
2026-03-29 21:05:48,255 - INFO - [  82/500] CCI
2026-03-29 21:05:50,256 - INFO - Success
2026-03-29 21:05:50,726 - INFO - [  83/500] CCL
2026-03-29 21:05:52,992 - INFO - Success
2026-03-29 21:05:53,434 - INFO - [  84/500] CDNS
2026-03-29 21:05:55,676 - INFO - Success
2026-03-29 21:05:56,130 - INFO - [  85/500] CDW
2026-03-29 21:05:58,175 - INFO - Success
2026-03-29 21:05:58,626 - INFO - [  86/500] CEG
2026-03-29 21:05:59,979 - INFO - Success
2026-03-29 21:06:00,424 - INFO - [  87/500] CF
2026-03-29 21:06:02,924 - INFO - Success
2026-03-29 21:06:03,375 - INFO - [  88/500] CFG
2026-03-29 21:06:05,299 - INFO - Success
2026-03-29 21:06:05,745 - INFO - [  89/500] CHD
2026-03-29 21:06:10,684 - INFO - Success
2026-03-29 21:06:11,132 - INFO - [  90/500] CHRW
2026-03-29 21:06:13,295 - INFO - Success
2026-03-29 21:06:13,893 - INFO -     [checkpoint 90/500] DB=291.3 MB  WAL=0.0 MB
2026-03-29 21:06:13,893 - INFO - [  91/500] CHTR
2026-03-29 21:06:15,982 - INFO - Success
2026-03-29 21:06:16,438 - INFO - [  92/500] CI
2026-03-29 21:06:18,867 - INFO - Success
2026-03-29 21:06:19,308 - INFO - [  93/500] CIEN
2026-03-29 21:06:21,502 - INFO - Success
2026-03-29 21:06:21,955 - INFO - [  94/500] CINF
2026-03-29 21:06:24,061 - INFO - Success
2026-03-29 21:06:24,518 - INFO - [  95/500] CL
2026-03-29 21:06:26,931 - INFO - Success
2026-03-29 21:06:27,386 - INFO - [  96/500] CLX
2026-03-29 21:06:30,016 - INFO - Success
2026-03-29 21:06:30,470 - INFO - [  97/500] CMCSA
2026-03-29 21:06:31,977 - INFO - Success
2026-03-29 21:06:32,424 - INFO - [  98/500] CME
2026-03-29 21:06:34,414 - INFO - Success
2026-03-29 21:06:34,864 - INFO - [  99/500] CMG
2026-03-29 21:06:36,952 - INFO - Success
2026-03-29 21:06:37,402 - INFO - [ 100/500] CMI
2026-03-29 21:06:40,024 - INFO - Success
2026-03-29 21:06:40,965 - INFO -     [checkpoint 100/500] DB=324.3 MB  WAL=0.0 MB
2026-03-29 21:06:40,965 - INFO - [ 101/500] CMS
2026-03-29 21:06:43,324 - INFO - Success
2026-03-29 21:06:43,770 - INFO - [ 102/500] CNC
2026-03-29 21:06:45,903 - INFO - Success
2026-03-29 21:06:46,351 - INFO - [ 103/500] CNP
2026-03-29 21:06:48,837 - INFO - Success
2026-03-29 21:06:49,280 - INFO - [ 104/500] COF
2026-03-29 21:06:51,507 - INFO - Success
2026-03-29 21:06:51,959 - INFO - [ 105/500] COHR
2026-03-29 21:06:54,091 - INFO - Success
2026-03-29 21:06:54,547 - INFO - [ 106/500] COIN
2026-03-29 21:06:56,528 - INFO - Success
2026-03-29 21:06:56,979 - INFO - [ 107/500] COO
2026-03-29 21:06:59,462 - INFO - Success
2026-03-29 21:06:59,911 - INFO - [ 108/500] COP
2026-03-29 21:07:02,125 - INFO - Success
2026-03-29 21:07:02,569 - INFO - [ 109/500] COR
2026-03-29 21:07:03,854 - INFO - Success
2026-03-29 21:07:04,310 - INFO - [ 110/500] COST
2026-03-29 21:07:06,446 - INFO - Success
2026-03-29 21:07:06,973 - INFO -     [checkpoint 110/500] DB=324.3 MB  WAL=0.0 MB
2026-03-29 21:07:06,974 - INFO - [ 111/500] CPAY
2026-03-29 21:07:09,043 - INFO - Success
2026-03-29 21:07:09,494 - INFO - [ 112/500] CPB
2026-03-29 21:07:12,129 - INFO - Success
2026-03-29 21:07:12,579 - INFO - [ 113/500] CPRT
2026-03-29 21:07:14,665 - INFO - Success
2026-03-29 21:07:15,112 - INFO - [ 114/500] CPT
2026-03-29 21:07:17,261 - INFO - Success
2026-03-29 21:07:17,716 - INFO - [ 115/500] CRH
2026-03-29 21:07:19,877 - INFO - Success
2026-03-29 21:07:20,325 - INFO - [ 116/500] CRL
2026-03-29 21:07:22,379 - INFO - Success
2026-03-29 21:07:22,835 - INFO - [ 117/500] CRM
2026-03-29 21:07:25,368 - INFO - Success
2026-03-29 21:07:25,820 - INFO - [ 118/500] CRWD
2026-03-29 21:07:27,723 - INFO - Success
2026-03-29 21:07:28,175 - INFO - [ 119/500] CSCO
2026-03-29 21:07:30,411 - INFO - Success
2026-03-29 21:07:30,854 - INFO - [ 120/500] CSGP
2026-03-29 21:07:32,948 - INFO - Success
2026-03-29 21:07:33,474 - INFO -     [checkpoint 120/500] DB=364.7 MB  WAL=0.0 MB
2026-03-29 21:07:33,474 - INFO - [ 121/500] CSX
2026-03-29 21:07:35,041 - INFO - Success
2026-03-29 21:07:35,483 - INFO - [ 122/500] CTAS
2026-03-29 21:07:37,627 - INFO - Success
2026-03-29 21:07:38,081 - INFO - [ 123/500] CTRA
2026-03-29 21:07:40,253 - INFO - Success
2026-03-29 21:07:40,710 - INFO - [ 124/500] CTSH
2026-03-29 21:07:42,839 - INFO - Success
2026-03-29 21:07:43,294 - INFO - [ 125/500] CTVA
2026-03-29 21:07:45,231 - INFO - Success
2026-03-29 21:07:45,683 - INFO - [ 126/500] CVNA
2026-03-29 21:07:47,591 - INFO - Success
2026-03-29 21:07:48,037 - INFO - [ 127/500] CVS
2026-03-29 21:07:50,316 - INFO - Success
2026-03-29 21:07:50,762 - INFO - [ 128/500] CVX
2026-03-29 21:07:53,277 - INFO - Success
2026-03-29 21:07:53,723 - INFO - [ 129/500] D
2026-03-29 21:07:56,012 - INFO - Success
2026-03-29 21:07:56,460 - INFO - [ 130/500] DAL
2026-03-29 21:07:58,488 - INFO - Success
2026-03-29 21:07:59,491 - INFO -     [checkpoint 130/500] DB=399.8 MB  WAL=0.0 MB
2026-03-29 21:07:59,492 - INFO - [ 131/500] DASH
2026-03-29 21:08:01,567 - INFO - Success
2026-03-29 21:08:02,017 - INFO - [ 132/500] DD
2026-03-29 21:08:04,430 - INFO - Success
2026-03-29 21:08:04,877 - INFO - [ 133/500] DDOG
2026-03-29 21:08:05,966 - INFO - Success
2026-03-29 21:08:06,421 - INFO - [ 134/500] DE
2026-03-29 21:08:08,755 - INFO - Success
2026-03-29 21:08:09,215 - INFO - [ 135/500] DECK
2026-03-29 21:08:11,247 - INFO - Success
2026-03-29 21:08:11,692 - INFO - [ 136/500] DELL
2026-03-29 21:08:13,728 - INFO - Success
2026-03-29 21:08:14,190 - INFO - [ 137/500] DG
2026-03-29 21:08:16,288 - INFO - Success
2026-03-29 21:08:16,746 - INFO - [ 138/500] DGX
2026-03-29 21:08:18,756 - INFO - Success
2026-03-29 21:08:19,208 - INFO - [ 139/500] DHI
2026-03-29 21:08:21,424 - INFO - Success
2026-03-29 21:08:21,880 - INFO - [ 140/500] DHR
2026-03-29 21:08:24,462 - INFO - Success
2026-03-29 21:08:24,989 - INFO -     [checkpoint 140/500] DB=399.8 MB  WAL=0.0 MB
2026-03-29 21:08:24,989 - INFO - [ 141/500] DIS
2026-03-29 21:08:27,368 - INFO - Success
2026-03-29 21:08:27,825 - INFO - [ 142/500] DLR
2026-03-29 21:08:29,930 - INFO - Success
2026-03-29 21:08:30,386 - INFO - [ 143/500] DLTR
2026-03-29 21:08:32,408 - INFO - Success
2026-03-29 21:08:32,859 - INFO - [ 144/500] DOC
2026-03-29 21:08:35,630 - INFO - Success
2026-03-29 21:08:36,086 - INFO - [ 145/500] DOV
2026-03-29 21:08:37,528 - INFO - Success
2026-03-29 21:08:37,977 - INFO - [ 146/500] DOW
2026-03-29 21:08:39,879 - INFO - Success
2026-03-29 21:08:40,348 - INFO - [ 147/500] DPZ
2026-03-29 21:08:43,140 - INFO - Success
2026-03-29 21:08:43,599 - INFO - [ 148/500] DRI
2026-03-29 21:08:45,720 - INFO - Success
2026-03-29 21:08:46,169 - INFO - [ 149/500] DTE
2026-03-29 21:08:49,378 - INFO - Success
2026-03-29 21:08:49,834 - INFO - [ 150/500] DUK
2026-03-29 21:08:52,073 - INFO - Success
2026-03-29 21:08:52,599 - INFO -     [checkpoint 150/500] DB=431.0 MB  WAL=0.0 MB
2026-03-29 21:08:52,599 - INFO - [ 151/500] DVA
2026-03-29 21:08:54,689 - INFO - Success
2026-03-29 21:08:55,142 - INFO - [ 152/500] DVN
2026-03-29 21:08:57,313 - INFO - Success
2026-03-29 21:08:57,762 - INFO - [ 153/500] DXCM
2026-03-29 21:08:59,910 - INFO - Success
2026-03-29 21:09:00,368 - INFO - [ 154/500] EA
2026-03-29 21:09:02,437 - INFO - Success
2026-03-29 21:09:02,896 - INFO - [ 155/500] EBAY
2026-03-29 21:09:04,978 - INFO - Success
2026-03-29 21:09:05,429 - INFO - [ 156/500] ECL
2026-03-29 21:09:07,696 - INFO - Success
2026-03-29 21:09:08,146 - INFO - [ 157/500] ED
2026-03-29 21:09:10,593 - INFO - Success
2026-03-29 21:09:11,048 - INFO - [ 158/500] EFX
2026-03-29 21:09:13,299 - INFO - Success
2026-03-29 21:09:13,772 - INFO - [ 159/500] EG
2026-03-29 21:09:15,950 - INFO - Success
2026-03-29 21:09:16,395 - INFO - [ 160/500] EIX
2026-03-29 21:09:18,628 - INFO - Success
2026-03-29 21:09:19,618 - INFO -     [checkpoint 160/500] DB=478.7 MB  WAL=0.0 MB
2026-03-29 21:09:19,618 - INFO - [ 161/500] EL
2026-03-29 21:09:21,781 - INFO - Success
2026-03-29 21:09:22,231 - INFO - [ 162/500] ELV
2026-03-29 21:09:24,115 - INFO - Success
2026-03-29 21:09:24,571 - INFO - [ 163/500] EME
2026-03-29 21:09:26,601 - INFO - Success
2026-03-29 21:09:27,065 - INFO - [ 164/500] EMR
2026-03-29 21:09:29,474 - INFO - Success
2026-03-29 21:09:29,923 - INFO - [ 165/500] EOG
2026-03-29 21:09:32,155 - INFO - Success
2026-03-29 21:09:32,609 - INFO - [ 166/500] EPAM
2026-03-29 21:09:34,614 - INFO - Success
2026-03-29 21:09:35,067 - INFO - [ 167/500] EQIX
2026-03-29 21:09:37,043 - INFO - Success
2026-03-29 21:09:37,487 - INFO - [ 168/500] EQR
2026-03-29 21:09:39,693 - INFO - Success
2026-03-29 21:09:40,142 - INFO - [ 169/500] EQT
2026-03-29 21:09:41,525 - INFO - Success
2026-03-29 21:09:41,987 - INFO - [ 170/500] ERIE
2026-03-29 21:09:44,029 - INFO - Success
2026-03-29 21:09:44,615 - INFO -     [checkpoint 170/500] DB=478.7 MB  WAL=0.0 MB
2026-03-29 21:09:44,615 - INFO - [ 171/500] ES
2026-03-29 21:09:46,907 - INFO - Success
2026-03-29 21:09:47,365 - INFO - [ 172/500] ESS
2026-03-29 21:09:49,377 - INFO - Success
2026-03-29 21:09:49,832 - INFO - [ 173/500] ETN
2026-03-29 21:09:52,149 - INFO - Success
2026-03-29 21:09:52,594 - INFO - [ 174/500] ETR
2026-03-29 21:09:54,674 - INFO - Success
2026-03-29 21:09:55,128 - INFO - [ 175/500] EVRG
2026-03-29 21:09:57,915 - INFO - Success
2026-03-29 21:09:58,370 - INFO - [ 176/500] EW
2026-03-29 21:10:00,425 - INFO - Success
2026-03-29 21:10:00,878 - INFO - [ 177/500] EXC
2026-03-29 21:10:03,069 - INFO - Success
2026-03-29 21:10:03,522 - INFO - [ 178/500] EXE
2026-03-29 21:10:05,459 - INFO - Success
2026-03-29 21:10:05,921 - INFO - [ 179/500] EXPD
2026-03-29 21:10:08,292 - INFO - Success
2026-03-29 21:10:08,745 - INFO - [ 180/500] EXPE
2026-03-29 21:10:10,835 - INFO - Success
2026-03-29 21:10:11,373 - INFO -     [checkpoint 180/500] DB=514.9 MB  WAL=0.0 MB
2026-03-29 21:10:11,374 - INFO - [ 181/500] EXR
2026-03-29 21:10:12,528 - INFO - Success
2026-03-29 21:10:12,982 - INFO - [ 182/500] F
2026-03-29 21:10:15,208 - INFO - Success
2026-03-29 21:10:15,669 - INFO - [ 183/500] FANG
2026-03-29 21:10:17,683 - INFO - Success
2026-03-29 21:10:18,144 - INFO - [ 184/500] FAST
2026-03-29 21:10:20,635 - INFO - Success
2026-03-29 21:10:21,089 - INFO - [ 185/500] FCX
2026-03-29 21:10:23,190 - INFO - Success
2026-03-29 21:10:23,654 - INFO - [ 186/500] FDS
2026-03-29 21:10:25,713 - INFO - Success
2026-03-29 21:10:26,166 - INFO - [ 187/500] FDX
2026-03-29 21:10:29,134 - INFO - Success
2026-03-29 21:10:29,580 - INFO - [ 188/500] FE
2026-03-29 21:10:31,911 - INFO - Success
2026-03-29 21:10:32,368 - INFO - [ 189/500] FFIV
2026-03-29 21:10:34,421 - INFO - Success
2026-03-29 21:10:34,873 - INFO - [ 190/500] FICO
2026-03-29 21:10:37,149 - INFO - Success
2026-03-29 21:10:37,743 - INFO -     [checkpoint 190/500] DB=533.5 MB  WAL=0.0 MB
2026-03-29 21:10:37,743 - INFO - [ 191/500] FIS
2026-03-29 21:10:40,001 - INFO - Success
2026-03-29 21:10:40,444 - INFO - [ 192/500] FISV
2026-03-29 21:10:42,714 - INFO - Success
2026-03-29 21:10:43,163 - INFO - [ 193/500] FITB
2026-03-29 21:10:45,035 - INFO - Success
2026-03-29 21:10:45,493 - INFO - [ 194/500] FIX
2026-03-29 21:10:47,754 - INFO - Success
2026-03-29 21:10:48,214 - INFO - [ 195/500] FOX
2026-03-29 21:10:50,359 - INFO - Success
2026-03-29 21:10:50,812 - INFO - [ 196/500] FOXA
2026-03-29 21:10:52,893 - INFO - Success
2026-03-29 21:10:53,356 - INFO - [ 197/500] FRT
2026-03-29 21:10:56,073 - INFO - Success
2026-03-29 21:10:56,533 - INFO - [ 198/500] FSLR
2026-03-29 21:10:58,893 - INFO - Success
2026-03-29 21:10:59,350 - INFO - [ 199/500] FTNT
2026-03-29 21:11:01,526 - INFO - Success
2026-03-29 21:11:01,983 - INFO - [ 200/500] FTV
2026-03-29 21:11:04,041 - INFO - Success
2026-03-29 21:11:04,604 - INFO -     [checkpoint 200/500] DB=533.5 MB  WAL=0.0 MB
2026-03-29 21:11:04,604 - INFO - [ 201/500] GD
2026-03-29 21:11:07,077 - INFO - Success
2026-03-29 21:11:07,532 - INFO - [ 202/500] GDDY
2026-03-29 21:11:09,814 - INFO - Success
2026-03-29 21:11:10,272 - INFO - [ 203/500] GE
2026-03-29 21:11:12,934 - INFO - Success
2026-03-29 21:11:13,397 - INFO - [ 204/500] GEHC
2026-03-29 21:11:14,897 - INFO - Success
2026-03-29 21:11:15,346 - INFO - [ 205/500] GEN
2026-03-29 21:11:17,969 - INFO - Success
2026-03-29 21:11:18,418 - INFO - [ 206/500] GEV
2026-03-29 21:11:20,236 - INFO - Success
2026-03-29 21:11:20,689 - INFO - [ 207/500] GILD
2026-03-29 21:11:22,883 - INFO - Success
2026-03-29 21:11:23,340 - INFO - [ 208/500] GIS
2026-03-29 21:11:26,332 - INFO - Success
2026-03-29 21:11:26,798 - INFO - [ 209/500] GL
2026-03-29 21:11:29,200 - INFO - Success
2026-03-29 21:11:29,666 - INFO - [ 210/500] GLW
2026-03-29 21:11:32,125 - INFO - Success
2026-03-29 21:11:32,726 - INFO -     [checkpoint 210/500] DB=588.0 MB  WAL=0.0 MB
2026-03-29 21:11:32,726 - INFO - [ 211/500] GM
2026-03-29 21:11:34,727 - INFO - Success
2026-03-29 21:11:35,185 - INFO - [ 212/500] GNRC
2026-03-29 21:11:37,160 - INFO - Success
2026-03-29 21:11:37,619 - INFO - [ 213/500] GOOG
2026-03-29 21:11:39,632 - INFO - Success
2026-03-29 21:11:40,085 - INFO - [ 214/500] GOOGL
2026-03-29 21:11:42,098 - INFO - Success
2026-03-29 21:11:42,549 - INFO - [ 215/500] GPC
2026-03-29 21:11:44,607 - INFO - Success
2026-03-29 21:11:45,061 - INFO - [ 216/500] GPN
2026-03-29 21:11:46,316 - INFO - Success
2026-03-29 21:11:46,770 - INFO - [ 217/500] GRMN
2026-03-29 21:11:48,887 - INFO - Success
2026-03-29 21:11:49,334 - INFO - [ 218/500] GS
2026-03-29 21:11:51,907 - INFO - Success
2026-03-29 21:11:52,362 - INFO - [ 219/500] GWW
2026-03-29 21:11:55,374 - INFO - Success
2026-03-29 21:11:55,830 - INFO - [ 220/500] HAL
2026-03-29 21:11:58,359 - INFO - Success
2026-03-29 21:11:58,873 - INFO -     [checkpoint 220/500] DB=606.6 MB  WAL=0.0 MB
2026-03-29 21:11:58,873 - INFO - [ 221/500] HAS
2026-03-29 21:12:01,046 - INFO - Success
2026-03-29 21:12:01,497 - INFO - [ 222/500] HBAN
2026-03-29 21:12:03,680 - INFO - Success
2026-03-29 21:12:04,139 - INFO - [ 223/500] HCA
2026-03-29 21:12:06,101 - INFO - Success
2026-03-29 21:12:06,560 - INFO - [ 224/500] HD
2026-03-29 21:12:08,654 - INFO - Success
2026-03-29 21:12:09,110 - INFO - [ 225/500] HIG
2026-03-29 21:12:11,138 - INFO - Success
2026-03-29 21:12:11,590 - INFO - [ 226/500] HII
2026-03-29 21:12:13,660 - INFO - Success
2026-03-29 21:12:14,118 - INFO - [ 227/500] HLT
2026-03-29 21:12:16,147 - INFO - Success
2026-03-29 21:12:16,600 - INFO - [ 228/500] HOLX
2026-03-29 21:12:18,083 - INFO - Success
2026-03-29 21:12:18,540 - INFO - [ 229/500] HON
2026-03-29 21:12:21,590 - INFO - Success
2026-03-29 21:12:22,038 - INFO - [ 230/500] HOOD
2026-03-29 21:12:23,900 - INFO - Success
2026-03-29 21:12:24,421 - INFO -     [checkpoint 230/500] DB=606.6 MB  WAL=0.0 MB
2026-03-29 21:12:24,422 - INFO - [ 231/500] HPE
2026-03-29 21:12:26,521 - INFO - Success
2026-03-29 21:12:26,974 - INFO - [ 232/500] HPQ
2026-03-29 21:12:29,284 - INFO - Success
2026-03-29 21:12:29,737 - INFO - [ 233/500] HRL
2026-03-29 21:12:31,944 - INFO - Success
2026-03-29 21:12:32,401 - INFO - [ 234/500] HSIC
2026-03-29 21:12:34,428 - INFO - Success
2026-03-29 21:12:34,879 - INFO - [ 235/500] HST
2026-03-29 21:12:38,112 - INFO - Success
2026-03-29 21:12:38,588 - INFO - [ 236/500] HSY
2026-03-29 21:12:41,873 - INFO - Success
2026-03-29 21:12:42,336 - INFO - [ 237/500] HUBB
2026-03-29 21:12:44,541 - INFO - Success
2026-03-29 21:12:44,989 - INFO - [ 238/500] HUM
2026-03-29 21:12:56,595 - INFO - Success
2026-03-29 21:12:57,045 - INFO - [ 239/500] HWM
2026-03-29 21:12:59,034 - INFO - Success
2026-03-29 21:12:59,491 - INFO - [ 240/500] IBKR
2026-03-29 21:13:01,404 - INFO - Success
2026-03-29 21:13:01,937 - INFO -     [checkpoint 240/500] DB=662.2 MB  WAL=0.0 MB
2026-03-29 21:13:01,937 - INFO - [ 241/500] IBM
2026-03-29 21:13:04,227 - INFO - Success
2026-03-29 21:13:04,674 - INFO - [ 242/500] ICE
2026-03-29 21:13:06,657 - INFO - Success
2026-03-29 21:13:07,113 - INFO - [ 243/500] IDXX
2026-03-29 21:13:09,156 - INFO - Success
2026-03-29 21:13:09,614 - INFO - [ 244/500] IEX
2026-03-29 21:13:11,763 - INFO - Success
2026-03-29 21:13:12,218 - INFO - [ 245/500] IFF
2026-03-29 21:13:14,565 - INFO - Success
2026-03-29 21:13:15,025 - INFO - [ 246/500] INCY
2026-03-29 21:13:17,515 - INFO - Success
2026-03-29 21:13:17,973 - INFO - [ 247/500] INTC
2026-03-29 21:13:20,193 - INFO - Success
2026-03-29 21:13:20,640 - INFO - [ 248/500] INTU
2026-03-29 21:13:21,952 - INFO - Success
2026-03-29 21:13:22,409 - INFO - [ 249/500] INVH
2026-03-29 21:13:24,594 - INFO - Success
2026-03-29 21:13:25,051 - INFO - [ 250/500] IP
2026-03-29 21:13:27,347 - INFO - Success
2026-03-29 21:13:27,931 - INFO -     [checkpoint 250/500] DB=677.9 MB  WAL=0.0 MB
2026-03-29 21:13:27,931 - INFO - [ 251/500] IQV
2026-03-29 21:13:29,723 - INFO - Success
2026-03-29 21:13:30,176 - INFO - [ 252/500] IR
2026-03-29 21:13:31,976 - INFO - Success
2026-03-29 21:13:32,424 - INFO - [ 253/500] IRM
2026-03-29 21:13:34,685 - INFO - Success
2026-03-29 21:13:35,140 - INFO - [ 254/500] ISRG
2026-03-29 21:13:37,183 - INFO - Success
2026-03-29 21:13:37,641 - INFO - [ 255/500] IT
2026-03-29 21:13:39,701 - INFO - Success
2026-03-29 21:13:40,149 - INFO - [ 256/500] ITW
2026-03-29 21:13:42,361 - INFO - Success
2026-03-29 21:13:42,806 - INFO - [ 257/500] IVZ
2026-03-29 21:13:44,861 - INFO - Success
2026-03-29 21:13:45,317 - INFO - [ 258/500] J
2026-03-29 21:13:47,527 - INFO - Success
2026-03-29 21:13:47,983 - INFO - [ 259/500] JBHT
2026-03-29 21:13:50,107 - INFO - Success
2026-03-29 21:13:50,563 - INFO - [ 260/500] JBL
2026-03-29 21:13:52,534 - INFO - Success
2026-03-29 21:13:52,796 - INFO -     [checkpoint 260/500] DB=731.1 MB  WAL=0.0 MB
2026-03-29 21:13:52,796 - INFO - [ 261/500] JCI
2026-03-29 21:13:55,140 - INFO - Success
2026-03-29 21:13:55,594 - INFO - [ 262/500] JKHY
2026-03-29 21:13:58,574 - INFO - Success
2026-03-29 21:13:59,023 - INFO - [ 263/500] JNJ
2026-03-29 21:14:03,329 - INFO - Success
2026-03-29 21:14:03,788 - INFO - [ 264/500] JPM
2026-03-29 21:14:05,917 - INFO - Success
2026-03-29 21:14:06,373 - INFO - [ 265/500] KDP
2026-03-29 21:14:08,298 - INFO - Success
2026-03-29 21:14:08,755 - INFO - [ 266/500] KEY
2026-03-29 21:14:10,996 - INFO - Success
2026-03-29 21:14:11,449 - INFO - [ 267/500] KEYS
2026-03-29 21:14:13,204 - INFO - Success
2026-03-29 21:14:13,659 - INFO - [ 268/500] KHC
2026-03-29 21:14:15,367 - INFO - Success
2026-03-29 21:14:15,823 - INFO - [ 269/500] KIM
2026-03-29 21:14:17,943 - INFO - Success
2026-03-29 21:14:18,398 - INFO - [ 270/500] KKR
2026-03-29 21:14:20,350 - INFO - Success
2026-03-29 21:14:20,878 - INFO -     [checkpoint 270/500] DB=731.1 MB  WAL=0.0 MB
2026-03-29 21:14:20,878 - INFO - [ 271/500] KLAC
2026-03-29 21:14:23,040 - INFO - Success
2026-03-29 21:14:23,496 - INFO - [ 272/500] KMB
2026-03-29 21:14:24,723 - INFO - Success
2026-03-29 21:14:25,175 - INFO - [ 273/500] KMI
2026-03-29 21:14:27,161 - INFO - Success
2026-03-29 21:14:27,615 - INFO - [ 274/500] KO
2026-03-29 21:14:30,363 - INFO - Success
2026-03-29 21:14:30,828 - INFO - [ 275/500] KR
2026-03-29 21:14:33,558 - INFO - Success
2026-03-29 21:14:34,019 - INFO - [ 276/500] KVUE
2026-03-29 21:14:35,841 - INFO - Success
2026-03-29 21:14:36,287 - INFO - [ 277/500] L
2026-03-29 21:14:38,774 - INFO - Success
2026-03-29 21:14:39,230 - INFO - [ 278/500] LDOS
2026-03-29 21:14:41,262 - INFO - Success
2026-03-29 21:14:41,711 - INFO - [ 279/500] LEN
2026-03-29 21:14:44,066 - INFO - Success
2026-03-29 21:14:44,523 - INFO - [ 280/500] LH
2026-03-29 21:14:46,695 - INFO - Success
2026-03-29 21:14:47,246 - INFO -     [checkpoint 280/500] DB=766.3 MB  WAL=0.0 MB
2026-03-29 21:14:47,246 - INFO - [ 281/500] LHX
2026-03-29 21:14:49,395 - INFO - Success
2026-03-29 21:14:49,856 - INFO - [ 282/500] LII
2026-03-29 21:14:51,866 - INFO - Success
2026-03-29 21:14:52,321 - INFO - [ 283/500] LIN
2026-03-29 21:14:54,412 - INFO - Success
2026-03-29 21:14:54,863 - INFO - [ 284/500] LITE
2026-03-29 21:14:56,241 - INFO - Success
2026-03-29 21:14:56,697 - INFO - [ 285/500] LLY
2026-03-29 21:14:59,373 - INFO - Success
2026-03-29 21:14:59,821 - INFO - [ 286/500] LMT
2026-03-29 21:15:02,563 - INFO - Success
2026-03-29 21:15:03,024 - INFO - [ 287/500] LNT
2026-03-29 21:15:05,133 - INFO - Success
2026-03-29 21:15:05,588 - INFO - [ 288/500] LOW
2026-03-29 21:15:07,772 - INFO - Success
2026-03-29 21:15:08,220 - INFO - [ 289/500] LRCX
2026-03-29 21:15:10,306 - INFO - Success
2026-03-29 21:15:10,764 - INFO - [ 290/500] LULU
2026-03-29 21:15:12,592 - INFO - Success
2026-03-29 21:15:13,143 - INFO -     [checkpoint 290/500] DB=784.6 MB  WAL=0.0 MB
2026-03-29 21:15:13,143 - INFO - [ 291/500] LUV
2026-03-29 21:15:15,306 - INFO - Success
2026-03-29 21:15:15,756 - INFO - [ 292/500] LVS
2026-03-29 21:15:17,628 - INFO - Success
2026-03-29 21:15:18,081 - INFO - [ 293/500] LYB
2026-03-29 21:15:20,000 - INFO - Success
2026-03-29 21:15:20,456 - INFO - [ 294/500] LYV
2026-03-29 21:15:22,378 - INFO - Success
2026-03-29 21:15:22,833 - INFO - [ 295/500] MA
2026-03-29 21:15:24,722 - INFO - Success
2026-03-29 21:15:25,179 - INFO - [ 296/500] MAA
2026-03-29 21:15:27,224 - INFO - Success
2026-03-29 21:15:26,933 - INFO - [ 297/500] MAR
2026-03-29 21:15:29,014 - INFO - Success
2026-03-29 21:15:29,469 - INFO - [ 298/500] MAS
2026-03-29 21:15:32,363 - INFO - Success
2026-03-29 21:15:32,815 - INFO - [ 299/500] MCD
2026-03-29 21:15:35,323 - INFO - Success
2026-03-29 21:15:35,771 - INFO - [ 300/500] MCHP
2026-03-29 21:15:37,921 - INFO - Success
2026-03-29 21:15:38,916 - INFO -     [checkpoint 300/500] DB=837.6 MB  WAL=0.0 MB
2026-03-29 21:15:38,916 - INFO - [ 301/500] MCK
2026-03-29 21:15:41,148 - INFO - Success
2026-03-29 21:15:41,605 - INFO - [ 302/500] MCO
2026-03-29 21:15:43,704 - INFO - Success
2026-03-29 21:15:44,180 - INFO - [ 303/500] MDLZ
2026-03-29 21:15:46,207 - INFO - Success
2026-03-29 21:15:46,665 - INFO - [ 304/500] MDT
2026-03-29 21:15:48,976 - INFO - Success
2026-03-29 21:15:49,441 - INFO - [ 305/500] MET
2026-03-29 21:15:51,531 - INFO - Success
2026-03-29 21:15:51,978 - INFO - [ 306/500] META
2026-03-29 21:15:53,915 - INFO - Success
2026-03-29 21:15:54,369 - INFO - [ 307/500] MGM
2026-03-29 21:15:56,766 - INFO - Success
2026-03-29 21:15:57,217 - INFO - [ 308/500] MKC
2026-03-29 21:15:58,682 - INFO - Success
2026-03-29 21:15:59,136 - INFO - [ 309/500] MLM
2026-03-29 21:16:01,904 - INFO - Success
2026-03-29 21:16:02,353 - INFO - [ 310/500] MMM
2026-03-29 21:16:05,163 - INFO - Success
2026-03-29 21:16:05,705 - INFO -     [checkpoint 310/500] DB=837.6 MB  WAL=0.0 MB
2026-03-29 21:16:05,705 - INFO - [ 311/500] MNST
2026-03-29 21:16:07,831 - INFO - Success
2026-03-29 21:16:08,280 - INFO - [ 312/500] MO
2026-03-29 21:16:10,590 - INFO - Success
2026-03-29 21:16:11,039 - INFO - [ 313/500] MOS
2026-03-29 21:16:13,520 - INFO - Success
2026-03-29 21:16:13,969 - INFO - [ 314/500] MPC
2026-03-29 21:16:16,027 - INFO - Success
2026-03-29 21:16:16,488 - INFO - [ 315/500] MPWR
2026-03-29 21:16:18,574 - INFO - Success
2026-03-29 21:16:19,022 - INFO - [ 316/500] MRK
2026-03-29 21:16:22,056 - INFO - Success
2026-03-29 21:16:22,514 - INFO - [ 317/500] MRNA
2026-03-29 21:16:24,344 - INFO - Success
2026-03-29 21:16:24,797 - INFO - [ 318/500] MRSH
2026-03-29 21:16:27,128 - INFO - Success
2026-03-29 21:16:27,575 - INFO - [ 319/500] MS
2026-03-29 21:16:29,703 - INFO - Success
2026-03-29 21:16:30,166 - INFO - [ 320/500] MSCI
2026-03-29 21:16:31,503 - INFO - Success
2026-03-29 21:16:32,031 - INFO -     [checkpoint 320/500] DB=879.5 MB  WAL=0.0 MB
2026-03-29 21:16:32,031 - INFO - [ 321/500] MSFT
2026-03-29 21:16:34,290 - INFO - Success
2026-03-29 21:16:34,746 - INFO - [ 322/500] MSI
2026-03-29 21:16:37,161 - INFO - Success
2026-03-29 21:16:37,612 - INFO - [ 323/500] MTB
2026-03-29 21:16:39,861 - INFO - Success
2026-03-29 21:16:40,318 - INFO - [ 324/500] MTD
2026-03-29 21:16:42,324 - INFO - Success
2026-03-29 21:16:42,773 - INFO - [ 325/500] MU
2026-03-29 21:16:44,970 - INFO - Success
2026-03-29 21:16:45,426 - INFO - [ 326/500] NCLH
2026-03-29 21:16:47,346 - INFO - Success
2026-03-29 21:16:47,804 - INFO - [ 327/500] NDAQ
2026-03-29 21:16:49,876 - INFO - Success
2026-03-29 21:16:50,324 - INFO - [ 328/500] NDSN
2026-03-29 21:16:52,583 - INFO - Success
2026-03-29 21:16:53,039 - INFO - [ 329/500] NEE
2026-03-29 21:16:55,424 - INFO - Success
2026-03-29 21:16:55,879 - INFO - [ 330/500] NEM
2026-03-29 21:16:58,135 - INFO - Success
2026-03-29 21:16:59,166 - INFO -     [checkpoint 330/500] DB=922.0 MB  WAL=0.0 MB
2026-03-29 21:16:59,167 - INFO - [ 331/500] NFLX
2026-03-29 21:17:01,044 - INFO - Success
2026-03-29 21:17:01,498 - INFO - [ 332/500] NI
2026-03-29 21:17:02,988 - INFO - Success
2026-03-29 21:17:03,432 - INFO - [ 333/500] NKE
2026-03-29 21:17:05,805 - INFO - Success
2026-03-29 21:17:06,254 - INFO - [ 334/500] NOC
2026-03-29 21:17:08,486 - INFO - Success
2026-03-29 21:17:08,929 - INFO - [ 335/500] NOW
2026-03-29 21:17:10,727 - INFO - Success
2026-03-29 21:17:11,177 - INFO - [ 336/500] NRG
2026-03-29 21:17:13,238 - INFO - Success
2026-03-29 21:17:13,697 - INFO - [ 337/500] NSC
2026-03-29 21:17:16,060 - INFO - Success
2026-03-29 21:17:16,521 - INFO - [ 338/500] NTAP
2026-03-29 21:17:18,558 - INFO - Success
2026-03-29 21:17:19,015 - INFO - [ 339/500] NTRS
2026-03-29 21:17:21,264 - INFO - Success
2026-03-29 21:17:21,712 - INFO - [ 340/500] NUE
2026-03-29 21:17:24,013 - INFO - Success
2026-03-29 21:17:24,623 - INFO -     [checkpoint 340/500] DB=922.0 MB  WAL=0.0 MB
2026-03-29 21:17:24,624 - INFO - [ 341/500] NVDA
2026-03-29 21:17:26,642 - INFO - Success
2026-03-29 21:17:27,089 - INFO - [ 342/500] NVR
2026-03-29 21:17:29,338 - INFO - Success
2026-03-29 21:17:29,796 - INFO - [ 343/500] NWS
2026-03-29 21:17:31,851 - INFO - Success
2026-03-29 21:17:32,335 - INFO - [ 344/500] NWSA
2026-03-29 21:17:33,750 - INFO - Success
2026-03-29 21:17:34,197 - INFO - [ 345/500] NXPI
2026-03-29 21:17:36,221 - INFO - Success
2026-03-29 21:17:36,672 - INFO - [ 346/500] O
2026-03-29 21:17:38,772 - INFO - Success
2026-03-29 21:17:39,221 - INFO - [ 347/500] ODFL
2026-03-29 21:17:41,363 - INFO - Success
2026-03-29 21:17:41,818 - INFO - [ 348/500] OKE
2026-03-29 21:17:44,307 - INFO - Success
2026-03-29 21:17:44,761 - INFO - [ 349/500] OMC
2026-03-29 21:17:47,119 - INFO - Success
2026-03-29 21:17:47,577 - INFO - [ 350/500] ON
2026-03-29 21:17:49,685 - INFO - Success
2026-03-29 21:17:50,271 - INFO -     [checkpoint 350/500] DB=922.0 MB  WAL=0.0 MB
2026-03-29 21:17:50,271 - INFO - [ 351/500] ORCL
2026-03-29 21:17:52,607 - INFO - Success
2026-03-29 21:17:53,056 - INFO - [ 352/500] ORLY
2026-03-29 21:17:55,202 - INFO - Success
2026-03-29 21:17:55,651 - INFO - [ 353/500] OTIS
2026-03-29 21:17:57,688 - INFO - Success
2026-03-29 21:17:58,142 - INFO - [ 354/500] OXY
2026-03-29 21:18:00,743 - INFO - Success
2026-03-29 21:18:01,195 - INFO - [ 355/500] PANW
2026-03-29 21:18:03,337 - INFO - Success
2026-03-29 21:18:03,789 - INFO - [ 356/500] PAYX
2026-03-29 21:18:05,248 - INFO - Success
2026-03-29 21:18:05,704 - INFO - [ 357/500] PCAR
2026-03-29 21:18:08,654 - INFO - Success
2026-03-29 21:18:09,105 - INFO - [ 358/500] PCG
2026-03-29 21:18:11,346 - INFO - Success
2026-03-29 21:18:11,804 - INFO - [ 359/500] PEG
2026-03-29 21:18:14,104 - INFO - Success
2026-03-29 21:18:14,561 - INFO - [ 360/500] PEP
2026-03-29 21:18:17,123 - INFO - Success
2026-03-29 21:18:17,718 - INFO -     [checkpoint 360/500] DB=974.1 MB  WAL=0.0 MB
2026-03-29 21:18:17,718 - INFO - [ 361/500] PFE
2026-03-29 21:18:20,242 - INFO - Success
2026-03-29 21:18:20,695 - INFO - [ 362/500] PFG
2026-03-29 21:18:22,813 - INFO - Success
2026-03-29 21:18:23,264 - INFO - [ 363/500] PG
2026-03-29 21:18:25,797 - INFO - Success
2026-03-29 21:18:26,257 - INFO - [ 364/500] PGR
2026-03-29 21:18:28,396 - INFO - Success
2026-03-29 21:18:28,850 - INFO - [ 365/500] PH
2026-03-29 21:18:31,378 - INFO - Success
2026-03-29 21:18:31,829 - INFO - [ 366/500] PHM
2026-03-29 21:18:33,948 - INFO - Success
2026-03-29 21:18:34,395 - INFO - [ 367/500] PKG
2026-03-29 21:18:36,368 - INFO - Success
2026-03-29 21:18:36,022 - INFO - [ 368/500] PLD
2026-03-29 21:18:37,954 - INFO - Success
2026-03-29 21:18:38,414 - INFO - [ 369/500] PLTR
2026-03-29 21:18:40,218 - INFO - Success
2026-03-29 21:18:40,673 - INFO - [ 370/500] PM
2026-03-29 21:18:42,666 - INFO - Success
2026-03-29 21:18:43,700 - INFO -     [checkpoint 370/500] DB=1026.8 MB  WAL=0.0 MB
2026-03-29 21:18:43,701 - INFO - [ 371/500] PNC
2026-03-29 21:18:45,892 - INFO - Success
2026-03-29 21:18:46,340 - INFO - [ 372/500] PNR
2026-03-29 21:18:49,217 - INFO - Success
2026-03-29 21:18:49,676 - INFO - [ 373/500] PNW
2026-03-29 21:18:52,111 - INFO - Success
2026-03-29 21:18:52,562 - INFO - [ 374/500] PODD
2026-03-29 21:18:54,320 - INFO - Success
2026-03-29 21:18:54,777 - INFO - [ 375/500] POOL
2026-03-29 21:18:56,863 - INFO - Success
2026-03-29 21:18:57,318 - INFO - [ 376/500] PPG
2026-03-29 21:18:59,660 - INFO - Success
2026-03-29 21:19:00,121 - INFO - [ 377/500] PPL
2026-03-29 21:19:02,307 - INFO - Success
2026-03-29 21:19:02,755 - INFO - [ 378/500] PRU
2026-03-29 21:19:04,835 - INFO - Success
2026-03-29 21:19:05,283 - INFO - [ 379/500] PSA
2026-03-29 21:19:07,091 - INFO - Success
2026-03-29 21:19:07,541 - INFO - [ 380/500] PSKY
2026-03-29 21:19:09,687 - INFO - Success
2026-03-29 21:19:10,227 - INFO -     [checkpoint 380/500] DB=1026.8 MB  WAL=0.0 MB
2026-03-29 21:19:10,227 - INFO - [ 381/500] PSX
2026-03-29 21:19:12,175 - INFO - Success
2026-03-29 21:19:12,630 - INFO - [ 382/500] PTC
2026-03-29 21:19:14,979 - INFO - Success
2026-03-29 21:19:15,433 - INFO - [ 383/500] PWR
2026-03-29 21:19:17,531 - INFO - Success
2026-03-29 21:19:17,988 - INFO - [ 384/500] PYPL
2026-03-29 21:19:19,870 - INFO - Success
2026-03-29 21:19:20,321 - INFO - [ 385/500] Q
2026-03-29 21:19:22,079 - INFO - Success
2026-03-29 21:19:22,539 - INFO - [ 386/500] QCOM
2026-03-29 21:19:24,600 - INFO - Success
2026-03-29 21:19:25,055 - INFO - [ 387/500] RCL
2026-03-29 21:19:27,106 - INFO - Success
2026-03-29 21:19:27,560 - INFO - [ 388/500] REG
2026-03-29 21:19:29,928 - INFO - Success
2026-03-29 21:19:30,385 - INFO - [ 389/500] REGN
2026-03-29 21:19:33,217 - INFO - Success
2026-03-29 21:19:33,667 - INFO - [ 390/500] RF
2026-03-29 21:19:35,960 - INFO - Success
2026-03-29 21:19:36,488 - INFO -     [checkpoint 390/500] DB=1065.4 MB  WAL=0.0 MB
2026-03-29 21:19:36,489 - INFO - [ 391/500] RJF
2026-03-29 21:19:38,627 - INFO - Success
2026-03-29 21:19:39,078 - INFO - [ 392/500] RL
2026-03-29 21:19:40,342 - INFO - Success
2026-03-29 21:19:40,790 - INFO - [ 393/500] RMD
2026-03-29 21:19:42,820 - INFO - Success
2026-03-29 21:19:43,274 - INFO - [ 394/500] ROK
2026-03-29 21:19:45,548 - INFO - Success
2026-03-29 21:19:45,993 - INFO - [ 395/500] ROL
2026-03-29 21:19:48,184 - INFO - Success
2026-03-29 21:19:48,626 - INFO - [ 396/500] ROP
2026-03-29 21:19:51,294 - INFO - Success
2026-03-29 21:19:51,757 - INFO - [ 397/500] ROST
2026-03-29 21:19:53,986 - INFO - Success
2026-03-29 21:19:54,451 - INFO - [ 398/500] RSG
2026-03-29 21:19:56,576 - INFO - Success
2026-03-29 21:19:57,030 - INFO - [ 399/500] RTX
2026-03-29 21:19:59,514 - INFO - Success
2026-03-29 21:19:59,973 - INFO - [ 400/500] RVTY
2026-03-29 21:20:02,243 - INFO - Success
2026-03-29 21:20:02,805 - INFO -     [checkpoint 400/500] DB=1069.0 MB  WAL=0.0 MB
2026-03-29 21:20:02,805 - INFO - [ 401/500] SATS
2026-03-29 21:20:04,787 - INFO - Success
2026-03-29 21:20:05,236 - INFO - [ 402/500] SBAC
2026-03-29 21:20:07,264 - INFO - Success
2026-03-29 21:20:07,733 - INFO - [ 403/500] SBUX
2026-03-29 21:20:09,880 - INFO - Success
2026-03-29 21:20:10,327 - INFO - [ 404/500] SCHW
2026-03-29 21:20:11,669 - INFO - Success
2026-03-29 21:20:12,113 - INFO - [ 405/500] SHW
2026-03-29 21:20:14,286 - INFO - Success
2026-03-29 21:20:14,742 - INFO - [ 406/500] SJM
2026-03-29 21:20:16,810 - INFO - Success
2026-03-29 21:20:17,275 - INFO - [ 407/500] SLB
2026-03-29 21:20:20,309 - INFO - Success
2026-03-29 21:20:20,764 - INFO - [ 408/500] SMCI
2026-03-29 21:20:22,724 - INFO - Success
2026-03-29 21:20:23,183 - INFO - [ 409/500] SNA
2026-03-29 21:20:25,453 - INFO - Success
2026-03-29 21:20:25,906 - INFO - [ 410/500] SNDK
2026-03-29 21:20:27,935 - INFO - Success
2026-03-29 21:20:29,077 - INFO -     [checkpoint 410/500] DB=1123.6 MB  WAL=0.0 MB
2026-03-29 21:20:29,077 - INFO - [ 411/500] SNPS
2026-03-29 21:20:31,278 - INFO - Success
2026-03-29 21:20:31,727 - INFO - [ 412/500] SO
2026-03-29 21:20:34,057 - INFO - Success
2026-03-29 21:20:34,504 - INFO - [ 413/500] SOLV
2026-03-29 21:20:36,341 - INFO - Success
2026-03-29 21:20:36,786 - INFO - [ 414/500] SPG
2026-03-29 21:20:38,934 - INFO - Success
2026-03-29 21:20:39,385 - INFO - [ 415/500] SPGI
2026-03-29 21:20:41,592 - INFO - Success
2026-03-29 21:20:42,048 - INFO - [ 416/500] SRE
2026-03-29 21:20:43,380 - INFO - Success
2026-03-29 21:20:43,831 - INFO - [ 417/500] STE
2026-03-29 21:20:46,009 - INFO - Success
2026-03-29 21:20:46,483 - INFO - [ 418/500] STLD
2026-03-29 21:20:48,811 - INFO - Success
2026-03-29 21:20:49,263 - INFO - [ 419/500] STT
2026-03-29 21:20:51,473 - INFO - Success
2026-03-29 21:20:51,925 - INFO - [ 420/500] STX
2026-03-29 21:20:53,942 - INFO - Success
2026-03-29 21:20:54,556 - INFO -     [checkpoint 420/500] DB=1123.6 MB  WAL=0.0 MB
2026-03-29 21:20:54,556 - INFO - [ 421/500] STZ
2026-03-29 21:20:56,574 - INFO - Success
2026-03-29 21:20:57,023 - INFO - [ 422/500] SW
2026-03-29 21:20:59,044 - INFO - Success
2026-03-29 21:20:59,495 - INFO - [ 423/500] SWK
2026-03-29 21:21:01,786 - INFO - Success
2026-03-29 21:21:02,254 - INFO - [ 424/500] SWKS
2026-03-29 21:21:04,708 - INFO - Success
2026-03-29 21:21:05,159 - INFO - [ 425/500] SYF
2026-03-29 21:21:06,913 - INFO - Success
2026-03-29 21:21:07,367 - INFO - [ 426/500] SYK
2026-03-29 21:21:09,564 - INFO - Success
2026-03-29 21:21:10,014 - INFO - [ 427/500] SYY
2026-03-29 21:21:12,715 - INFO - Success
2026-03-29 21:21:13,170 - INFO - [ 428/500] T
2026-03-29 21:21:14,730 - INFO - Success
2026-03-29 21:21:15,178 - INFO - [ 429/500] TAP
2026-03-29 21:21:17,495 - INFO - Success
2026-03-29 21:21:17,948 - INFO - [ 430/500] TDG
2026-03-29 21:21:20,102 - INFO - Success
2026-03-29 21:21:20,639 - INFO -     [checkpoint 430/500] DB=1153.4 MB  WAL=0.0 MB
2026-03-29 21:21:20,639 - INFO - [ 431/500] TDY
2026-03-29 21:21:22,605 - INFO - Success
2026-03-29 21:21:23,058 - INFO - [ 432/500] TECH
2026-03-29 21:21:25,131 - INFO - Success
2026-03-29 21:21:25,586 - INFO - [ 433/500] TEL
2026-03-29 21:21:27,627 - INFO - Success
2026-03-29 21:21:28,070 - INFO - [ 434/500] TER
2026-03-29 21:21:30,437 - INFO - Success
2026-03-29 21:21:30,888 - INFO - [ 435/500] TFC
2026-03-29 21:21:33,063 - INFO - Success
2026-03-29 21:21:33,513 - INFO - [ 436/500] TGT
2026-03-29 21:21:36,014 - INFO - Success
2026-03-29 21:21:36,465 - INFO - [ 437/500] TJX
2026-03-29 21:21:38,996 - INFO - Success
2026-03-29 21:21:39,447 - INFO - [ 438/500] TKO
2026-03-29 21:21:41,494 - INFO - Success
2026-03-29 21:21:41,945 - INFO - [ 439/500] TMO
2026-03-29 21:21:44,200 - INFO - Success
2026-03-29 21:21:44,650 - INFO - [ 440/500] TMUS
2026-03-29 21:21:46,530 - INFO - Success
2026-03-29 21:21:47,531 - INFO -     [checkpoint 440/500] DB=1197.7 MB  WAL=0.0 MB
2026-03-29 21:21:47,531 - INFO - [ 441/500] TPL
2026-03-29 21:21:49,809 - INFO - Success
2026-03-29 21:21:50,258 - INFO - [ 442/500] TPR
2026-03-29 21:21:52,758 - INFO - Success
2026-03-29 21:21:53,208 - INFO - [ 443/500] TRGP
2026-03-29 21:21:55,609 - INFO - Success
2026-03-29 21:21:56,063 - INFO - [ 444/500] TRMB
2026-03-29 21:21:58,495 - INFO - Success
2026-03-29 21:21:58,943 - INFO - [ 445/500] TROW
2026-03-29 21:22:01,389 - INFO - Success
2026-03-29 21:22:01,835 - INFO - [ 446/500] TRV
2026-03-29 21:22:04,286 - INFO - Success
2026-03-29 21:22:04,741 - INFO - [ 447/500] TSCO
2026-03-29 21:22:07,189 - INFO - Success
2026-03-29 21:22:07,634 - INFO - [ 448/500] TSLA
2026-03-29 21:22:10,142 - INFO - Success
2026-03-29 21:22:10,589 - INFO - [ 449/500] TSN
2026-03-29 21:22:13,098 - INFO - Success
2026-03-29 21:22:13,540 - INFO - [ 450/500] TT
2026-03-29 21:22:15,897 - INFO - Success
2026-03-29 21:22:16,429 - INFO -     [checkpoint 450/500] DB=1197.7 MB  WAL=0.0 MB
2026-03-29 21:22:16,430 - INFO - [ 451/500] TTD
2026-03-29 21:22:17,671 - INFO - Success
2026-03-29 21:22:18,117 - INFO - [ 452/500] TTWO
2026-03-29 21:22:20,330 - INFO - Success
2026-03-29 21:22:20,782 - INFO - [ 453/500] TXN
2026-03-29 21:22:22,994 - INFO - Success
2026-03-29 21:22:23,443 - INFO - [ 454/500] TXT
2026-03-29 21:22:25,630 - INFO - Success
2026-03-29 21:22:26,084 - INFO - [ 455/500] TYL
2026-03-29 21:22:28,173 - INFO - Success
2026-03-29 21:22:28,630 - INFO - [ 456/500] UAL
2026-03-29 21:22:30,640 - INFO - Success
2026-03-29 21:22:31,096 - INFO - [ 457/500] UBER
2026-03-29 21:22:33,520 - INFO - Success
2026-03-29 21:22:33,977 - INFO - [ 458/500] UDR
2026-03-29 21:22:36,185 - INFO - Success
2026-03-29 21:22:36,636 - INFO - [ 459/500] UHS
2026-03-29 21:22:38,814 - INFO - Success
2026-03-29 21:22:39,266 - INFO - [ 460/500] ULTA
2026-03-29 21:22:41,100 - INFO - Success
2026-03-29 21:22:41,627 - INFO -     [checkpoint 460/500] DB=1231.6 MB  WAL=0.0 MB
2026-03-29 21:22:41,627 - INFO - [ 461/500] UNH
2026-03-29 21:22:43,667 - INFO - Success
2026-03-29 21:22:44,113 - INFO - [ 462/500] UNP
2026-03-29 21:22:46,262 - INFO - Success
2026-03-29 21:22:46,714 - INFO - [ 463/500] UPS
2026-03-29 21:22:47,965 - INFO - Success
2026-03-29 21:22:48,414 - INFO - [ 464/500] URI
2026-03-29 21:22:50,441 - INFO - Success
2026-03-29 21:22:50,892 - INFO - [ 465/500] USB
2026-03-29 21:22:53,015 - INFO - Success
2026-03-29 21:22:53,457 - INFO - [ 466/500] V
2026-03-29 21:22:55,333 - INFO - Success
2026-03-29 21:22:55,775 - INFO - [ 467/500] VICI
2026-03-29 21:22:58,205 - INFO - Success
2026-03-29 21:22:58,659 - INFO - [ 468/500] VLO
2026-03-29 21:23:00,788 - INFO - Success
2026-03-29 21:23:01,229 - INFO - [ 469/500] VLTO
2026-03-29 21:23:03,003 - INFO - Success
2026-03-29 21:23:03,443 - INFO - [ 470/500] VMC
2026-03-29 21:23:05,735 - INFO - Success
2026-03-29 21:23:06,251 - INFO -     [checkpoint 470/500] DB=1247.6 MB  WAL=0.0 MB
2026-03-29 21:23:06,251 - INFO - [ 471/500] VRSK
2026-03-29 21:23:08,188 - INFO - Success
2026-03-29 21:23:08,643 - INFO - [ 472/500] VRSN
2026-03-29 21:23:10,616 - INFO - Success
2026-03-29 21:23:11,067 - INFO - [ 473/500] VRT
2026-03-29 21:23:13,079 - INFO - Success
2026-03-29 21:23:13,528 - INFO - [ 474/500] VRTX
2026-03-29 21:23:15,487 - INFO - Success
2026-03-29 21:23:15,931 - INFO - [ 475/500] VST
2026-03-29 21:23:17,939 - INFO - Success
2026-03-29 21:23:18,386 - INFO - [ 476/500] VTR
2026-03-29 21:23:19,691 - INFO - Success
2026-03-29 21:23:20,147 - INFO - [ 477/500] VTRS
2026-03-29 21:23:22,370 - INFO - Success
2026-03-29 21:23:22,821 - INFO - [ 478/500] VZ
2026-03-29 21:23:25,159 - INFO - Success
2026-03-29 21:23:25,610 - INFO - [ 479/500] WAB
2026-03-29 21:23:27,831 - INFO - Success
2026-03-29 21:23:28,271 - INFO - [ 480/500] WAT
2026-03-29 21:23:30,334 - INFO - Success
2026-03-29 21:23:30,867 - INFO -     [checkpoint 480/500] DB=1247.6 MB  WAL=0.0 MB
2026-03-29 21:23:30,867 - INFO - [ 481/500] WBD
2026-03-29 21:23:32,732 - INFO - Success
2026-03-29 21:23:33,181 - INFO - [ 482/500] WDAY
2026-03-29 21:23:35,198 - INFO - Success
2026-03-29 21:23:35,641 - INFO - [ 483/500] WDC
2026-03-29 21:23:38,006 - INFO - Success
2026-03-29 21:23:38,455 - INFO - [ 484/500] WEC
2026-03-29 21:23:40,596 - INFO - Success
2026-03-29 21:23:41,052 - INFO - [ 485/500] WELL
2026-03-29 21:23:43,205 - INFO - Success
2026-03-29 21:23:43,655 - INFO - [ 486/500] WFC
2026-03-29 21:23:46,394 - INFO - Success
2026-03-29 21:23:46,843 - INFO - [ 487/500] WM
2026-03-29 21:23:48,876 - INFO - Success
2026-03-29 21:23:49,328 - INFO - [ 488/500] WMB
2026-03-29 21:23:50,800 - INFO - Success
2026-03-29 21:23:51,247 - INFO - [ 489/500] WMT
2026-03-29 21:23:53,758 - INFO - Success
2026-03-29 21:23:54,209 - INFO - [ 490/500] WRB
2026-03-29 21:23:56,503 - INFO - Success
2026-03-29 21:23:57,157 - INFO -     [checkpoint 490/500] DB=1299.5 MB  WAL=0.0 MB
2026-03-29 21:23:57,157 - INFO - [ 491/500] WSM
2026-03-29 21:23:59,307 - INFO - Success
2026-03-29 21:23:59,758 - INFO - [ 492/500] WST
2026-03-29 21:24:02,019 - INFO - Success
2026-03-29 21:24:02,465 - INFO - [ 493/500] WTW
2026-03-29 21:24:04,714 - INFO - Success
2026-03-29 21:24:05,168 - INFO - [ 494/500] WY
2026-03-29 21:24:07,632 - INFO - Success
2026-03-29 21:24:08,082 - INFO - [ 495/500] WYNN
2026-03-29 21:24:10,206 - INFO - Success
2026-03-29 21:24:10,647 - INFO - [ 496/500] XEL
2026-03-29 21:24:13,529 - INFO - Success
2026-03-29 21:24:13,974 - INFO - [ 497/500] XOM
2026-03-29 21:24:16,558 - INFO - Success
2026-03-29 21:24:17,012 - INFO - [ 498/500] XYL
2026-03-29 21:24:19,361 - INFO - Success
2026-03-29 21:24:19,814 - INFO - [ 499/500] XYZ
2026-03-29 21:24:27,525 - INFO - Success
2026-03-29 21:24:27,975 - INFO - [ 500/500] YUM
2026-03-29 21:24:30,165 - INFO - Success
2026-03-29 21:24:30,759 - INFO -     [checkpoint 500/500] DB=1321.5 MB  WAL=0.0 MB
2026-03-29 21:24:30,760 - INFO - 
[export] Writing Parquet files via DuckDB COPY engine ...
2026-03-29 21:24:30,841 - INFO -   -> parquet_exports/Companies.parquet  (0.2 MB)
2026-03-29 21:24:31,253 - INFO -   -> parquet_exports/PriceHistory.parquet  (138.4 MB)
2026-03-29 21:24:31,309 - INFO -   -> parquet_exports/Fundamentals.parquet  (3.3 MB)
2026-03-29 21:24:32,870 - INFO -   -> parquet_exports/TechnicalIndicators.parquet  (729.0 MB)
2026-03-29 21:24:32,900 - INFO -   -> parquet_exports/StockNews.parquet  (0.5 MB)
2026-03-29 21:24:32,901 - INFO - 
==================================================
2026-03-29 21:24:32,901 - INFO -   VERIFICATION QUERIES
2026-03-29 21:24:32,901 - INFO - ==================================================
2026-03-29 21:24:32,901 - INFO - 
-- Row counts
2026-03-29 21:24:32,940 - INFO - 
                tbl    rows
       PriceHistory 4350170
TechnicalIndicators 4350170
       Fundamentals  731519
          StockNews    9994
          Companies     500
2026-03-29 21:24:32,940 - INFO - 
-- Date range
2026-03-29 21:24:32,944 - INFO - 
  earliest     latest
1962-01-02 2026-03-27
2026-03-29 21:24:32,944 - INFO - 
-- Max volume (INT32 overflow check)
2026-03-29 21:24:32,974 - INFO - 
symbol    max_vol
  NVDA 9230856000
  AAPL 7421640800
  NFLX 3234140000
  AMZN 2086584000
  GOOG 1650832619
2026-03-29 21:24:32,974 - INFO - 
-- AAPL TechnicalIndicators sample
2026-03-29 21:24:32,982 - INFO - 
symbol       date    close  daily_return  log_return  cumulative_return    sma_5   sma_10  sma_20  sma_50  sma_200   ema_12   ema_26   ema_50      macd  macd_signal  macd_histogram  bb_upper  bb_middle  bb_lower  bb_width  bb_pct_b    rsi_14    volume  volume_sma_20  volume_ratio   atr_14  hist_vol_20
  AAPL 1980-12-15 0.093169     -0.052171   -0.053581          -0.052171      NaN      NaN     NaN     NaN      NaN 0.097509 0.097918 0.098096 -0.000409    -0.000082       -0.000327       NaN        NaN       NaN       NaN       NaN  0.000000 175884800            NaN           NaN 0.000763          NaN
  AAPL 1980-12-23 0.105563      0.042200    0.041334           0.073917 0.096588      NaN     NaN     NaN      NaN 0.097076 0.097127 0.097510 -0.000051    -0.000805        0.000754       NaN        NaN       NaN       NaN       NaN 25.173454  46950400            NaN           NaN 0.002178          NaN
  AAPL 1980-12-24 0.111119      0.052628    0.051290           0.130435 0.101118      NaN     NaN     NaN      NaN 0.099236 0.098164 0.098043  0.001073    -0.000429        0.001502       NaN        NaN       NaN       NaN       NaN 31.239620  48003200            NaN           NaN 0.002450          NaN
  AAPL 1980-12-26 0.121376      0.092308    0.088293           0.234784 0.107187 0.099323     NaN     NaN      NaN 0.102643 0.099883 0.098958  0.002759     0.000208        0.002551       NaN        NaN       NaN       NaN       NaN 40.784604  55574400            NaN           NaN 0.003038          NaN
  AAPL 1980-12-30 0.120094     -0.024305   -0.024605           0.221740 0.116248 0.104495     NaN     NaN      NaN 0.107989 0.102972 0.100696  0.005017     0.001806        0.003211       NaN        NaN       NaN       NaN       NaN 40.374376  68880000            NaN           NaN 0.002975          NaN
2026-03-29 21:24:32,982 - INFO - 
-- Sector distribution
2026-03-29 21:24:33,038 - INFO - 
                sector  n
            Technology 82
           Industrials 74
    Financial Services 70
            Healthcare 57
     Consumer Cyclical 53
    Consumer Defensive 35
           Real Estate 31
             Utilities 31
Communication Services 24
                Energy 22
       Basic Materials 20
                   NaN  1
2026-03-29 21:24:33,039 - INFO - 
[done] stock_data.db size: 1321.5 MB
